 ○ Compiling /api/auth/me ...
 GET /api/auth/me 200 in 21613ms
 GET /api/auth/me 200 in 1791ms
 GET /api/auth/me 200 in 1850ms
 GET /api/auth/me 200 in 319ms
 GET /api/auth/me 200 in 361ms
 GET /api/user 500 in 26855ms
 GET /api/user 500 in 26102ms
 GET /api/user 500 in 5251ms
 GET /api/user 500 in 5228ms
 ✓ Compiled /api/auth/me in 33.7s
 ⚠ [next]/internal/font/google/geist_a71539c9.module.css
Error while requesting resource
There was an issue establishing a connection while requesting https://fonts.googleapis.com/css2?family=Geist:wght@100..900&display=swap.

Import trace:
  Server Component:
    [next]/internal/font/google/geist_a71539c9.module.css
    [next]/internal/font/google/geist_a71539c9.js
    ./src/app/layout.tsx


 ⚠ [next]/internal/font/google/geist_mono_8d43a2aa.module.css
Error while requesting resource
There was an issue establishing a connection while requesting https://fonts.googleapis.com/css2?family=Geist+Mono:wght@100..900&display=swap.

Import trace:
  Server Component:
    [next]/internal/font/google/geist_mono_8d43a2aa.module.css
    [next]/internal/font/google/geist_mono_8d43a2aa.js
    ./src/app/layout.tsx


 ⚠ [next]/internal/font/google/geist_a71539c9.module.css
next/font: warning:
Failed to download `Geist` from Google Fonts. Using fallback font instead.

Import trace:
  Server Component:
    [next]/internal/font/google/geist_a71539c9.module.css
    [next]/internal/font/google/geist_a71539c9.js
    ./src/app/layout.tsx


 ⚠ [next]/internal/font/google/geist_mono_8d43a2aa.module.css
next/font: warning:
Failed to download `Geist Mono` from Google Fonts. Using fallback font instead.

Import trace:
  Server Component:
    [next]/internal/font/google/geist_mono_8d43a2aa.module.css
    [next]/internal/font/google/geist_mono_8d43a2aa.js
    ./src/app/layout.tsx


 GET / 200 in 34347ms
 ⚠ [next]/internal/font/google/geist_a71539c9.module.css
Error while requesting resource
There was an issue establishing a connection while requesting https://fonts.googleapis.com/css2?family=Geist:wght@100..900&display=swap.

Import trace:
  Server Component:
    [next]/internal/font/google/geist_a71539c9.module.css
    [next]/internal/font/google/geist_a71539c9.js
    ./src/app/layout.tsx


 ⚠ [next]/internal/font/google/geist_mono_8d43a2aa.module.css
Error while requesting resource
There was an issue establishing a connection while requesting https://fonts.googleapis.com/css2?family=Geist+Mono:wght@100..900&display=swap.

Import trace:
  Server Component:
    [next]/internal/font/google/geist_mono_8d43a2aa.module.css
    [next]/internal/font/google/geist_mono_8d43a2aa.js
    ./src/app/layout.tsx


 ⚠ [next]/internal/font/google/geist_a71539c9.module.css
next/font: warning:
Failed to download `Geist` from Google Fonts. Using fallback font instead.

Import trace:
  Server Component:
    [next]/internal/font/google/geist_a71539c9.module.css
    [next]/internal/font/google/geist_a71539c9.js
    ./src/app/layout.tsx


 ⚠ [next]/internal/font/google/geist_mono_8d43a2aa.module.css
next/font: warning:
Failed to download `Geist Mono` from Google Fonts. Using fallback font instead.

Import trace:
  Server Component:
    [next]/internal/font/google/geist_mono_8d43a2aa.module.css
    [next]/internal/font/google/geist_mono_8d43a2aa.js
    ./src/app/layout.tsx


 ○ Compiling /api/regions ...
 GET /api/auth/me 200 in 883ms
 ⚠ [next]/internal/font/google/geist_a71539c9.module.css
Error while requesting resource
There was an issue establishing a connection while requesting https://fonts.googleapis.com/css2?family=Geist:wght@100..900&display=swap.

Import trace:
  Server Component:
    [next]/internal/font/google/geist_a71539c9.module.css
    [next]/internal/font/google/geist_a71539c9.js
    ./src/app/layout.tsx


 ⚠ [next]/internal/font/google/geist_mono_8d43a2aa.module.css
Error while requesting resource
There was an issue establishing a connection while requesting https://fonts.googleapis.com/css2?family=Geist+Mono:wght@100..900&display=swap.

Import trace:
  Server Component:
    [next]/internal/font/google/geist_mono_8d43a2aa.module.css
    [next]/internal/font/google/geist_mono_8d43a2aa.js
    ./src/app/layout.tsx


 ⚠ [next]/internal/font/google/geist_a71539c9.module.css
next/font: warning:
Failed to download `Geist` from Google Fonts. Using fallback font instead.

Import trace:
  Server Component:
    [next]/internal/font/google/geist_a71539c9.module.css
    [next]/internal/font/google/geist_a71539c9.js
    ./src/app/layout.tsx


 ⚠ [next]/internal/font/google/geist_mono_8d43a2aa.module.css
next/font: warning:
Failed to download `Geist Mono` from Google Fonts. Using fallback font instead.

Import trace:
  Server Component:
    [next]/internal/font/google/geist_mono_8d43a2aa.module.css
    [next]/internal/font/google/geist_mono_8d43a2aa.js
    ./src/app/layout.tsx


 ⚠ [next]/internal/font/google/geist_a71539c9.module.css
Error while requesting resource
There was an issue establishing a connection while requesting https://fonts.googleapis.com/css2?family=Geist:wght@100..900&display=swap.

Import trace:
  Server Component:
    [next]/internal/font/google/geist_a71539c9.module.css
    [next]/internal/font/google/geist_a71539c9.js
    ./src/app/layout.tsx


 ⚠ [next]/internal/font/google/geist_mono_8d43a2aa.module.css
Error while requesting resource
There was an issue establishing a connection while requesting https://fonts.googleapis.com/css2?family=Geist+Mono:wght@100..900&display=swap.

Import trace:
  Server Component:
    [next]/internal/font/google/geist_mono_8d43a2aa.module.css
    [next]/internal/font/google/geist_mono_8d43a2aa.js
    ./src/app/layout.tsx


 ⚠ [next]/internal/font/google/geist_a71539c9.module.css
next/font: warning:
Failed to download `Geist` from Google Fonts. Using fallback font instead.

Import trace:
  Server Component:
    [next]/internal/font/google/geist_a71539c9.module.css
    [next]/internal/font/google/geist_a71539c9.js
    ./src/app/layout.tsx


 ⚠ [next]/internal/font/google/geist_mono_8d43a2aa.module.css
next/font: warning:
Failed to download `Geist Mono` from Google Fonts. Using fallback font instead.

Import trace:
  Server Component:
    [next]/internal/font/google/geist_mono_8d43a2aa.module.css
    [next]/internal/font/google/geist_mono_8d43a2aa.js
    ./src/app/layout.tsx


 ⚠ [next]/internal/font/google/geist_a71539c9.module.css
Error while requesting resource
There was an issue establishing a connection while requesting https://fonts.googleapis.com/css2?family=Geist:wght@100..900&display=swap.

Import trace:
  Server Component:
    [next]/internal/font/google/geist_a71539c9.module.css
    [next]/internal/font/google/geist_a71539c9.js
    ./src/app/layout.tsx


 ⚠ [next]/internal/font/google/geist_mono_8d43a2aa.module.css
Error while requesting resource
There was an issue establishing a connection while requesting https://fonts.googleapis.com/css2?family=Geist+Mono:wght@100..900&display=swap.

Import trace:
  Server Component:
    [next]/internal/font/google/geist_mono_8d43a2aa.module.css
    [next]/internal/font/google/geist_mono_8d43a2aa.js
    ./src/app/layout.tsx


 ⚠ [next]/internal/font/google/geist_a71539c9.module.css
next/font: warning:
Failed to download `Geist` from Google Fonts. Using fallback font instead.

Import trace:
  Server Component:
    [next]/internal/font/google/geist_a71539c9.module.css
    [next]/internal/font/google/geist_a71539c9.js
    ./src/app/layout.tsx


 ⚠ [next]/internal/font/google/geist_mono_8d43a2aa.module.css
next/font: warning:
Failed to download `Geist Mono` from Google Fonts. Using fallback font instead.

Import trace:
  Server Component:
    [next]/internal/font/google/geist_mono_8d43a2aa.module.css
    [next]/internal/font/google/geist_mono_8d43a2aa.js
    ./src/app/layout.tsx


 GET /api/auth/me 200 in 728ms
 ✓ Compiled /api/regions in 3.1s
 GET /api/auth/me 200 in 682ms
 GET /api/auth/me 200 in 798ms
 ⚠ [next]/internal/font/google/geist_a71539c9.module.css
Error while requesting resource
There was an issue establishing a connection while requesting https://fonts.googleapis.com/css2?family=Geist:wght@100..900&display=swap.

Import trace:
  Server Component:
    [next]/internal/font/google/geist_a71539c9.module.css
    [next]/internal/font/google/geist_a71539c9.js
    ./src/app/layout.tsx


 ⚠ [next]/internal/font/google/geist_mono_8d43a2aa.module.css
Error while requesting resource
There was an issue establishing a connection while requesting https://fonts.googleapis.com/css2?family=Geist+Mono:wght@100..900&display=swap.

Import trace:
  Server Component:
    [next]/internal/font/google/geist_mono_8d43a2aa.module.css
    [next]/internal/font/google/geist_mono_8d43a2aa.js
    ./src/app/layout.tsx


 ⚠ [next]/internal/font/google/geist_a71539c9.module.css
next/font: warning:
Failed to download `Geist` from Google Fonts. Using fallback font instead.

Import trace:
  Server Component:
    [next]/internal/font/google/geist_a71539c9.module.css
    [next]/internal/font/google/geist_a71539c9.js
    ./src/app/layout.tsx


 ⚠ [next]/internal/font/google/geist_mono_8d43a2aa.module.css
next/font: warning:
Failed to download `Geist Mono` from Google Fonts. Using fallback font instead.

Import trace:
  Server Component:
    [next]/internal/font/google/geist_mono_8d43a2aa.module.css
    [next]/internal/font/google/geist_mono_8d43a2aa.js
    ./src/app/layout.tsx


Error fetching regions: Error [PrismaClientInitializationError]:
Invalid `__TURBOPACK__imported__module__$5b$project$5d2f$src$2f$lib$2f$prisma$2e$ts__$5b$app$2d$route$5d$__$28$ecmascript$29$__["default"].region.findMany()` invocation in
E:\DO\HistoryBox\.next\server\chunks\[root-of-the-server]__36ff4b15._.js:109:168

  106 const dynamic = 'force-dynamic';
  107 async function GET() {
  108     try {
→ 109         const regions = await __TURBOPACK__imported__module__$5b$project$5d2f$src$2f$lib$2f$prisma$2e$ts__$5b$app$2d$route$5d$__$28$ecmascript$29$__["default"].region.findMany(
Can't reach database server at `aws-1-eu-central-1.pooler.supabase.com:5432`

Please make sure your database server is running at `aws-1-eu-central-1.pooler.supabase.com:5432`.
    at <unknown> (src\app\api\regions\route.ts:9:41)
    at async GET (src\app\api\regions\route.ts:9:21)
   7 | export async function GET() {
   8 |   try {
>  9 |     const regions = await prisma.region.findMany({
     |                                         ^
  10 |       select: {
  11 |         id: true,
  12 |         geohash: true, {
  clientVersion: '6.16.2',
  errorCode: undefined,
  retryable: undefined
}
 GET /api/regions 500 in 8258ms
 GET /api/user 500 in 8281ms
 GET /api/user 500 in 7327ms
 GET /api/user 500 in 7348ms
 ⚠ [next]/internal/font/google/geist_a71539c9.module.css
Error while requesting resource
There was an issue establishing a connection while requesting https://fonts.googleapis.com/css2?family=Geist:wght@100..900&display=swap.

Import trace:
  Server Component:
    [next]/internal/font/google/geist_a71539c9.module.css
    [next]/internal/font/google/geist_a71539c9.js
    ./src/app/layout.tsx


 ⚠ [next]/internal/font/google/geist_mono_8d43a2aa.module.css
Error while requesting resource
There was an issue establishing a connection while requesting https://fonts.googleapis.com/css2?family=Geist+Mono:wght@100..900&display=swap.

Import trace:
  Server Component:
    [next]/internal/font/google/geist_mono_8d43a2aa.module.css
    [next]/internal/font/google/geist_mono_8d43a2aa.js
    ./src/app/layout.tsx


 ⚠ [next]/internal/font/google/geist_a71539c9.module.css
next/font: warning:
Failed to download `Geist` from Google Fonts. Using fallback font instead.

Import trace:
  Server Component:
    [next]/internal/font/google/geist_a71539c9.module.css
    [next]/internal/font/google/geist_a71539c9.js
    ./src/app/layout.tsx


 ⚠ [next]/internal/font/google/geist_mono_8d43a2aa.module.css
next/font: warning:
Failed to download `Geist Mono` from Google Fonts. Using fallback font instead.

Import trace:
  Server Component:
    [next]/internal/font/google/geist_mono_8d43a2aa.module.css
    [next]/internal/font/google/geist_mono_8d43a2aa.js
    ./src/app/layout.tsx


 ⚠ [next]/internal/font/google/geist_a71539c9.module.css
Error while requesting resource
There was an issue establishing a connection while requesting https://fonts.googleapis.com/css2?family=Geist:wght@100..900&display=swap.

Import trace:
  Server Component:
    [next]/internal/font/google/geist_a71539c9.module.css
    [next]/internal/font/google/geist_a71539c9.js
    ./src/app/layout.tsx


 ⚠ [next]/internal/font/google/geist_mono_8d43a2aa.module.css
Error while requesting resource
There was an issue establishing a connection while requesting https://fonts.googleapis.com/css2?family=Geist+Mono:wght@100..900&display=swap.

Import trace:
  Server Component:
    [next]/internal/font/google/geist_mono_8d43a2aa.module.css
    [next]/internal/font/google/geist_mono_8d43a2aa.js
    ./src/app/layout.tsx


 ⚠ [next]/internal/font/google/geist_a71539c9.module.css
next/font: warning:
Failed to download `Geist` from Google Fonts. Using fallback font instead.

Import trace:
  Server Component:
    [next]/internal/font/google/geist_a71539c9.module.css
    [next]/internal/font/google/geist_a71539c9.js
    ./src/app/layout.tsx


 ⚠ [next]/internal/font/google/geist_mono_8d43a2aa.module.css
next/font: warning:
Failed to download `Geist Mono` from Google Fonts. Using fallback font instead.

Import trace:
  Server Component:
    [next]/internal/font/google/geist_mono_8d43a2aa.module.css
    [next]/internal/font/google/geist_mono_8d43a2aa.js
    ./src/app/layout.tsx


 GET /api/auth/me 200 in 647ms
 GET /api/auth/me 200 in 685ms
 GET /api/user 500 in 6990ms
 GET /api/user 500 in 6988ms